<?xml version="1.0" encoding="UTF-8"?>
<!-- Generated by org.testng.reporters.JUnitReportReporter -->
<testsuite hostname="BLACKGAURD" failures="0" tests="1" name="com.Test.SignUp.Account" time="8.794" errors="0" timestamp="05 Mar 2021 08:52:23 GMT" skipped="0">
  <testcase classname="com.Test.SignUp.Account" name="testCaseOne" time="8.794"/>
</testsuite> <!-- com.Test.SignUp.Account -->
